# JRE version: Java(TM) SE Runtime Environment 18.9 (11.0.14+8) (build 11.0.14+8-LTS-263)
# Java VM: Java HotSpot(TM) 64-Bit Server VM 18.9 (11.0.14+8-LTS-263, mixed mode, tiered, compressed oops, g1 gc, windows-amd64)
Heap:
 garbage-first heap   total 262144K, used 183305K [0x00000000e0000000, 0x0000000100000000)
  region size 1024K, 33 young (33792K), 8 survivors (8192K)
 Metaspace       used 93015K, capacity 96816K, committed 96944K, reserved 337920K
  class space    used 11864K, capacity 13055K, committed 13056K, reserved 253952K
GC Heap History (10 events):
Event: 267.740 GC heap before
{Heap before GC invocations=24 (full 0):
 garbage-first heap   total 262144K, used 218028K [0x00000000e0000000, 0x0000000100000000)
  region size 1024K, 82 young (83968K), 6 survivors (6144K)
 Metaspace       used 90603K, capacity 94392K, committed 94512K, reserved 335872K
  class space    used 11698K, capacity 12876K, committed 12928K, reserved 253952K
}
Event: 267.759 GC heap after
{Heap after GC invocations=25 (full 0):
 garbage-first heap   total 262144K, used 148429K [0x00000000e0000000, 0x0000000100000000)
  region size 1024K, 11 young (11264K), 11 survivors (11264K)
 Metaspace       used 90603K, capacity 94392K, committed 94512K, reserved 335872K
  class space    used 11698K, capacity 12876K, committed 12928K, reserved 253952K
}
Event: 269.896 GC heap before
{Heap before GC invocations=26 (full 0):
 garbage-first heap   total 262144K, used 219085K [0x00000000e0000000, 0x0000000100000000)
  region size 1024K, 80 young (81920K), 11 survivors (11264K)
 Metaspace       used 91110K, capacity 94926K, committed 95024K, reserved 337920K
  class space    used 11733K, capacity 12921K, committed 12928K, reserved 253952K
}
Event: 269.914 GC heap after
{Heap after GC invocations=27 (full 0):
 garbage-first heap   total 262144K, used 156579K [0x00000000e0000000, 0x0000000100000000)
  region size 1024K, 10 young (10240K), 10 survivors (10240K)
 Metaspace       used 91110K, capacity 94926K, committed 95024K, reserved 337920K
  class space    used 11733K, capacity 12921K, committed 12928K, reserved 253952K
}
Event: 272.778 GC heap before
{Heap before GC invocations=27 (full 0):
 garbage-first heap   total 262144K, used 215971K [0x00000000e0000000, 0x0000000100000000)
  region size 1024K, 69 young (70656K), 10 survivors (10240K)
 Metaspace       used 92483K, capacity 96292K, committed 96432K, reserved 337920K
  class space    used 11857K, capacity 13055K, committed 13056K, reserved 253952K
}
Event: 272.785 GC heap after
{Heap after GC invocations=28 (full 0):
 garbage-first heap   total 262144K, used 154213K [0x00000000e0000000, 0x0000000100000000)
  region size 1024K, 5 young (5120K), 5 survivors (5120K)
 Metaspace       used 92483K, capacity 96292K, committed 96432K, reserved 337920K
  class space    used 11857K, capacity 13055K, committed 13056K, reserved 253952K
}
Event: 276.093 GC heap before
{Heap before GC invocations=29 (full 0):
 garbage-first heap   total 262144K, used 216677K [0x00000000e0000000, 0x0000000100000000)
  region size 1024K, 67 young (68608K), 5 survivors (5120K)
 Metaspace       used 92651K, capacity 96407K, committed 96432K, reserved 337920K
  class space    used 11857K, capacity 13050K, committed 13056K, reserved 253952K
}
Event: 276.103 GC heap after
{Heap after GC invocations=30 (full 0):
 garbage-first heap   total 262144K, used 154334K [0x00000000e0000000, 0x0000000100000000)
  region size 1024K, 6 young (6144K), 6 survivors (6144K)
 Metaspace       used 92651K, capacity 96407K, committed 96432K, reserved 337920K
  class space    used 11857K, capacity 13050K, committed 13056K, reserved 253952K
}
Event: 278.913 GC heap before
{Heap before GC invocations=30 (full 0):
 garbage-first heap   total 262144K, used 218846K [0x00000000e0000000, 0x0000000100000000)
  region size 1024K, 70 young (71680K), 6 survivors (6144K)
 Metaspace       used 92994K, capacity 96815K, committed 96944K, reserved 337920K
  class space    used 11863K, capacity 13055K, committed 13056K, reserved 253952K
}
Event: 278.933 GC heap after
{Heap after GC invocations=31 (full 0):
 garbage-first heap   total 262144K, used 159753K [0x00000000e0000000, 0x0000000100000000)
  region size 1024K, 8 young (8192K), 8 survivors (8192K)
 Metaspace       used 92994K, capacity 96815K, committed 96944K, reserved 337920K
  class space    used 11863K, capacity 13055K, committed 13056K, reserved 253952K
}

