# JRE version: Java(TM) SE Runtime Environment 18.9 (11.0.14+8) (build 11.0.14+8-LTS-263)
# Java VM: Java HotSpot(TM) 64-Bit Server VM 18.9 (11.0.14+8-LTS-263, mixed mode, tiered, compressed oops, g1 gc, windows-amd64)
Heap:
 garbage-first heap   total 262144K, used 72572K [0x00000000e0000000, 0x0000000100000000)
  region size 1024K, 54 young (55296K), 6 survivors (6144K)
 Metaspace       used 39410K, capacity 40305K, committed 40448K, reserved 290816K
  class space    used 5000K, capacity 5347K, committed 5376K, reserved 253952K
GC Heap History (10 events):
Event: 9.021 GC heap before
{Heap before GC invocations=1 (full 0):
 garbage-first heap   total 262144K, used 32006K [0x00000000e0000000, 0x0000000100000000)
  region size 1024K, 25 young (25600K), 3 survivors (3072K)
 Metaspace       used 11004K, capacity 11319K, committed 11520K, reserved 264192K
  class space    used 1148K, capacity 1243K, committed 1280K, reserved 253952K
}
Event: 9.025 GC heap after
{Heap after GC invocations=2 (full 0):
 garbage-first heap   total 262144K, used 10045K [0x00000000e0000000, 0x0000000100000000)
  region size 1024K, 1 young (1024K), 1 survivors (1024K)
 Metaspace       used 11004K, capacity 11319K, committed 11520K, reserved 264192K
  class space    used 1148K, capacity 1243K, committed 1280K, reserved 253952K
}
Event: 22.182 GC heap before
{Heap before GC invocations=2 (full 0):
 garbage-first heap   total 262144K, used 69437K [0x00000000e0000000, 0x0000000100000000)
  region size 1024K, 58 young (59392K), 1 survivors (1024K)
 Metaspace       used 18639K, capacity 19073K, committed 19328K, reserved 272384K
  class space    used 2251K, capacity 2408K, committed 2432K, reserved 253952K
}
Event: 22.733 GC heap after
{Heap after GC invocations=3 (full 0):
 garbage-first heap   total 262144K, used 16639K [0x00000000e0000000, 0x0000000100000000)
  region size 1024K, 8 young (8192K), 8 survivors (8192K)
 Metaspace       used 18639K, capacity 19073K, committed 19328K, reserved 272384K
  class space    used 2251K, capacity 2408K, committed 2432K, reserved 253952K
}
Event: 26.882 GC heap before
{Heap before GC invocations=3 (full 0):
 garbage-first heap   total 262144K, used 35071K [0x00000000e0000000, 0x0000000100000000)
  region size 1024K, 27 young (27648K), 8 survivors (8192K)
 Metaspace       used 20551K, capacity 21093K, committed 21248K, reserved 272384K
  class space    used 2530K, capacity 2723K, committed 2816K, reserved 253952K
}
Event: 26.888 GC heap after
{Heap after GC invocations=4 (full 0):
 garbage-first heap   total 262144K, used 17427K [0x00000000e0000000, 0x0000000100000000)
  region size 1024K, 1 young (1024K), 1 survivors (1024K)
 Metaspace       used 20551K, capacity 21093K, committed 21248K, reserved 272384K
  class space    used 2530K, capacity 2723K, committed 2816K, reserved 253952K
}
Event: 36.690 GC heap before
{Heap before GC invocations=5 (full 0):
 garbage-first heap   total 262144K, used 117779K [0x00000000e0000000, 0x0000000100000000)
  region size 1024K, 99 young (101376K), 1 survivors (1024K)
 Metaspace       used 30159K, capacity 30851K, committed 30976K, reserved 280576K
  class space    used 4051K, capacity 4287K, committed 4352K, reserved 253952K
}
Event: 36.696 GC heap after
{Heap after GC invocations=6 (full 0):
 garbage-first heap   total 262144K, used 20459K [0x00000000e0000000, 0x0000000100000000)
  region size 1024K, 4 young (4096K), 4 survivors (4096K)
 Metaspace       used 30159K, capacity 30851K, committed 30976K, reserved 280576K
  class space    used 4051K, capacity 4287K, committed 4352K, reserved 253952K
}
Event: 43.621 GC heap before
{Heap before GC invocations=6 (full 0):
 garbage-first heap   total 262144K, used 40939K [0x00000000e0000000, 0x0000000100000000)
  region size 1024K, 25 young (25600K), 4 survivors (4096K)
 Metaspace       used 34900K, capacity 35659K, committed 35840K, reserved 286720K
  class space    used 4558K, capacity 4869K, committed 4992K, reserved 253952K
}
Event: 43.631 GC heap after
{Heap after GC invocations=7 (full 0):
 garbage-first heap   total 262144K, used 22396K [0x00000000e0000000, 0x0000000100000000)
  region size 1024K, 6 young (6144K), 6 survivors (6144K)
 Metaspace       used 34900K, capacity 35659K, committed 35840K, reserved 286720K
  class space    used 4558K, capacity 4869K, committed 4992K, reserved 253952K
}

