# JRE version: Java(TM) SE Runtime Environment 18.9 (11.0.14+8) (build 11.0.14+8-LTS-263)
# Java VM: Java HotSpot(TM) 64-Bit Server VM 18.9 (11.0.14+8-LTS-263, mixed mode, tiered, compressed oops, g1 gc, windows-amd64)
Heap:
 garbage-first heap   total 262144K, used 125298K [0x00000000e0000000, 0x0000000100000000)
  region size 1024K, 104 young (106496K), 3 survivors (3072K)
 Metaspace       used 39820K, capacity 40689K, committed 40832K, reserved 290816K
  class space    used 5049K, capacity 5388K, committed 5504K, reserved 253952K
GC Heap History (6 events):
Event: 4.837 GC heap before
{Heap before GC invocations=0 (full 0):
 garbage-first heap   total 262144K, used 29696K [0x00000000e0000000, 0x0000000100000000)
  region size 1024K, 24 young (24576K), 0 survivors (0K)
 Metaspace       used 9944K, capacity 10207K, committed 10368K, reserved 264192K
  class space    used 1035K, capacity 1105K, committed 1152K, reserved 253952K
}
Event: 5.013 GC heap after
{Heap after GC invocations=1 (full 0):
 garbage-first heap   total 262144K, used 9542K [0x00000000e0000000, 0x0000000100000000)
  region size 1024K, 3 young (3072K), 3 survivors (3072K)
 Metaspace       used 9944K, capacity 10207K, committed 10368K, reserved 264192K
  class space    used 1035K, capacity 1105K, committed 1152K, reserved 253952K
}
Event: 26.014 GC heap before
{Heap before GC invocations=1 (full 0):
 garbage-first heap   total 262144K, used 109894K [0x00000000e0000000, 0x0000000100000000)
  region size 1024K, 101 young (103424K), 3 survivors (3072K)
 Metaspace       used 20620K, capacity 21097K, committed 21248K, reserved 272384K
  class space    used 2539K, capacity 2723K, committed 2816K, reserved 253952K
}
Event: 26.448 GC heap after
{Heap after GC invocations=2 (full 0):
 garbage-first heap   total 262144K, used 17103K [0x00000000e0000000, 0x0000000100000000)
  region size 1024K, 11 young (11264K), 11 survivors (11264K)
 Metaspace       used 20620K, capacity 21097K, committed 21248K, reserved 272384K
  class space    used 2539K, capacity 2723K, committed 2816K, reserved 253952K
}
Event: 28.881 GC heap before
{Heap before GC invocations=3 (full 0):
 garbage-first heap   total 262144K, used 86735K [0x00000000e0000000, 0x0000000100000000)
  region size 1024K, 79 young (80896K), 11 survivors (11264K)
 Metaspace       used 27160K, capacity 27838K, committed 27904K, reserved 278528K
  class space    used 3585K, capacity 3811K, committed 3840K, reserved 253952K
}
Event: 28.892 GC heap after
{Heap after GC invocations=4 (full 0):
 garbage-first heap   total 262144K, used 19826K [0x00000000e0000000, 0x0000000100000000)
  region size 1024K, 3 young (3072K), 3 survivors (3072K)
 Metaspace       used 27160K, capacity 27838K, committed 27904K, reserved 278528K
  class space    used 3585K, capacity 3811K, committed 3840K, reserved 253952K
}

